<?xml version="1.0" encoding="UTF-8"?>
<testng-results skipped="0" failed="0" ignored="0" total="2" passed="2">
  <reporter-output>
  </reporter-output>
  <suite name="Default suite" duration-ms="47762" started-at="2020-07-18T03:36:21 EDT" finished-at="2020-07-18T03:37:09 EDT">
    <groups>
    </groups>
    <test name="Default test" duration-ms="47762" started-at="2020-07-18T03:36:21 EDT" finished-at="2020-07-18T03:37:09 EDT">
      <class name="com.qa.verizon.tests.HomePageTest">
        <test-method status="PASS" signature="setUp()[pri:0, instance:com.qa.verizon.tests.HomePageTest@9660f4e]" name="setUp" is-config="true" duration-ms="5067" started-at="2020-07-18T03:36:21 EDT" finished-at="2020-07-18T03:36:27 EDT">
          <reporter-output>
          </reporter-output>
        </test-method> <!-- setUp -->
        <test-method status="PASS" signature="verifyPageTitleTest()[pri:1, instance:com.qa.verizon.tests.HomePageTest@9660f4e]" name="verifyPageTitleTest" duration-ms="5102" started-at="2020-07-18T03:36:27 EDT" description="Get page title as Verizon Wireless, Smartphone Deals &amp; Plans | First to 5G" finished-at="2020-07-18T03:36:32 EDT">
          <reporter-output>
          </reporter-output>
        </test-method> <!-- verifyPageTitleTest -->
        <test-method status="PASS" signature="loginTest()[pri:2, instance:com.qa.verizon.tests.HomePageTest@9660f4e]" name="loginTest" duration-ms="37330" started-at="2020-07-18T03:36:32 EDT" description="Correct Home Page" finished-at="2020-07-18T03:37:09 EDT">
          <reporter-output>
          </reporter-output>
        </test-method> <!-- loginTest -->
        <test-method status="PASS" signature="tearDown()[pri:0, instance:com.qa.verizon.tests.HomePageTest@9660f4e]" name="tearDown" is-config="true" duration-ms="187" started-at="2020-07-18T03:37:09 EDT" finished-at="2020-07-18T03:37:09 EDT">
          <reporter-output>
          </reporter-output>
        </test-method> <!-- tearDown -->
      </class> <!-- com.qa.verizon.tests.HomePageTest -->
    </test> <!-- Default test -->
  </suite> <!-- Default suite -->
</testng-results>
